version https://git-lfs.github.com/spec/v1
oid sha256:c860647ba7a97f00aed635f32a270b17f9f3752c266881c23175d4eae5e55599
size 933
