version https://git-lfs.github.com/spec/v1
oid sha256:8e370feaffec7bb8207b5d821965880a7a3438859f6f515fa5538f549060a2f8
size 592
